<!DOCTYPE html PUBLIC "-//W3C//DTD XHTML 1.1//EN" "http://www.w3.org/TR/xhtml11/DTD/xhtml11.dtd">
<html xmlns="http://www.w3.org/1999/xhtml"><head><title>TestNG Report</title><style type="text/css">table {margin-bottom:10px;border-collapse:collapse;empty-cells:show}th,td {border:1px solid #009;padding:.25em .5em}th {vertical-align:bottom}td {vertical-align:top}table a {font-weight:bold}.stripe td {background-color: #E6EBF9}.num {text-align:right}.passedodd td {background-color: #3F3}.passedeven td {background-color: #0A0}.skippedodd td {background-color: #DDD}.skippedeven td {background-color: #CCC}.failedodd td,.attn {background-color: #F33}.failedeven td,.stripe .attn {background-color: #D00}.stacktrace {white-space:pre;font-family:monospace}.totop {font-size:85%;text-align:center;border-bottom:2px solid #000}</style></head><body><table><tr><th>Test</th><th># Passed</th><th># Skipped</th><th># Failed</th><th>Time (ms)</th><th>Included Groups</th><th>Excluded Groups</th></tr><tr><th colspan="7">suit 1</th></tr><tr><td><a href="#t0">Run on Firefox1</a></td><td class="num">1</td><td class="num">0</td><td class="num">0</td><td class="num">79.086</td><td></td><td></td></tr><tr class="stripe"><td><a href="#t1">Run on Firefox</a></td><td class="num">1</td><td class="num">0</td><td class="num">0</td><td class="num">79.120</td><td></td><td></td></tr><tr><td><a href="#t2">Run on Firefox2</a></td><td class="num">1</td><td class="num">0</td><td class="num">0</td><td class="num">82.407</td><td></td><td></td></tr><tr class="stripe"><td><a href="#t3">Run on Firefox3</a></td><td class="num">1</td><td class="num">0</td><td class="num">0</td><td class="num">82.971</td><td></td><td></td></tr><tr><td><a href="#t4">Run on Firefox6</a></td><td class="num">1</td><td class="num">0</td><td class="num">0</td><td class="num">107.461</td><td></td><td></td></tr><tr class="stripe"><td><a href="#t5">Run on Firefox5</a></td><td class="num">1</td><td class="num">0</td><td class="num">0</td><td class="num">114.894</td><td></td><td></td></tr><tr><td><a href="#t6">Run on Firefox8</a></td><td class="num">1</td><td class="num">0</td><td class="num">0</td><td class="num">110.705</td><td></td><td></td></tr><tr class="stripe"><td><a href="#t7">Run on Firefox7</a></td><td class="num">1</td><td class="num">0</td><td class="num">0</td><td class="num">267.615</td><td></td><td></td></tr><tr><td><a href="#t8">Run on Firefox9</a></td><td class="num">0</td><td class="num">0</td><td class="num attn">1</td><td class="num">319.627</td><td></td><td></td></tr><tr class="stripe"><td><a href="#t9">Run on Firefox4</a></td><td class="num">1</td><td class="num">0</td><td class="num">0</td><td class="num">564.699</td><td></td><td></td></tr><tr><th>Total</th><th class="num">9</th><th class="num">0</th><th class="num attn">1</th><th class="num">1.808.585</th><th colspan="2"></th></tr></table><table><thead><tr><th>Class</th><th>Method</th><th>Start</th><th>Time (ms)</th></tr></thead><tbody><tr><th colspan="4">suit 1</th></tr></tbody><tbody id="t0"><tr><th colspan="4">Run on Firefox1 &#8212; passed</th></tr><tr class="passedeven"><td rowspan="1">martin_villarruel_mod0_ej2_tests.Tests</td><td><a href="#m0">logOut</a></td><td rowspan="1">1426183270880</td><td rowspan="1">34401</td></tr></tbody><tbody id="t1"><tr><th colspan="4">Run on Firefox &#8212; passed</th></tr><tr class="passedeven"><td rowspan="1">martin_villarruel_mod0_ej2_tests.Tests</td><td><a href="#m1">singIn</a></td><td rowspan="1">1426183272354</td><td rowspan="1">38132</td></tr></tbody><tbody id="t2"><tr><th colspan="4">Run on Firefox2 &#8212; passed</th></tr><tr class="passedeven"><td rowspan="1">martin_villarruel_mod0_ej2_tests.Tests</td><td><a href="#m2">verifyWrongMail</a></td><td rowspan="1">1426183273507</td><td rowspan="1">43199</td></tr></tbody><tbody id="t3"><tr><th colspan="4">Run on Firefox3 &#8212; passed</th></tr><tr class="passedeven"><td rowspan="1">martin_villarruel_mod0_ej2_tests.Tests</td><td><a href="#m3">verifyWrongPass</a></td><td rowspan="1">1426183273300</td><td rowspan="1">44282</td></tr></tbody><tbody id="t4"><tr><th colspan="4">Run on Firefox6 &#8212; passed</th></tr><tr class="passedeven"><td rowspan="1">martin_villarruel_mod0_ej2_tests.Tests</td><td><a href="#m4">positiveSearchResults</a></td><td rowspan="1">1426183344378</td><td rowspan="1">79172</td></tr></tbody><tbody id="t5"><tr><th colspan="4">Run on Firefox5 &#8212; passed</th></tr><tr class="passedeven"><td rowspan="1">martin_villarruel_mod0_ej2_tests.Tests</td><td><a href="#m5">negativeSearchResults1</a></td><td rowspan="1">1426183340441</td><td rowspan="1">89703</td></tr></tbody><tbody id="t6"><tr><th colspan="4">Run on Firefox8 &#8212; passed</th></tr><tr class="passedeven"><td rowspan="1">martin_villarruel_mod0_ej2_tests.Tests</td><td><a href="#m6">negativeSearchResults2</a></td><td rowspan="1">1426183340111</td><td rowspan="1">90387</td></tr></tbody><tbody id="t7"><tr><th colspan="4">Run on Firefox7 &#8212; passed</th></tr><tr class="passedeven"><td rowspan="1">martin_villarruel_mod0_ej2_tests.Tests</td><td><a href="#m7">logedInFlightSearch</a></td><td rowspan="1">1426183341103</td><td rowspan="1">245755</td></tr></tbody><tbody id="t8"><tr><th colspan="4">Run on Firefox9 &#8212; failed (configuration methods)</th></tr><tr class="failedeven"><td rowspan="1">martin_villarruel_mod0_ej2_tests.Tests</td><td><a href="#m8">after</a></td><td rowspan="1">1426183745559</td><td rowspan="1">0</td></tr><tr><th colspan="4">Run on Firefox9 &#8212; failed</th></tr><tr class="failedeven"><td rowspan="1">martin_villarruel_mod0_ej2_tests.Tests</td><td><a href="#m9">searchForFlyAndHotel</a></td><td rowspan="1">1426183539352</td><td rowspan="1">206193</td></tr></tbody><tbody id="t9"><tr><th colspan="4">Run on Firefox4 &#8212; passed</th></tr><tr class="passedeven"><td rowspan="1">martin_villarruel_mod0_ej2_tests.Tests</td><td><a href="#m10">searchForFly</a></td><td rowspan="1">1426183480614</td><td rowspan="1">322801</td></tr></tbody></table><h2>Run on Firefox1</h2><h3 id="m0">martin_villarruel_mod0_ej2_tests.Tests#logOut</h3><table class="result"></table><p class="totop"><a href="#summary">back to summary</a></p><h2>Run on Firefox</h2><h3 id="m1">martin_villarruel_mod0_ej2_tests.Tests#singIn</h3><table class="result"></table><p class="totop"><a href="#summary">back to summary</a></p><h2>Run on Firefox2</h2><h3 id="m2">martin_villarruel_mod0_ej2_tests.Tests#verifyWrongMail</h3><table class="result"></table><p class="totop"><a href="#summary">back to summary</a></p><h2>Run on Firefox3</h2><h3 id="m3">martin_villarruel_mod0_ej2_tests.Tests#verifyWrongPass</h3><table class="result"></table><p class="totop"><a href="#summary">back to summary</a></p><h2>Run on Firefox6</h2><h3 id="m4">martin_villarruel_mod0_ej2_tests.Tests#positiveSearchResults</h3><table class="result"></table><p class="totop"><a href="#summary">back to summary</a></p><h2>Run on Firefox5</h2><h3 id="m5">martin_villarruel_mod0_ej2_tests.Tests#negativeSearchResults1</h3><table class="result"></table><p class="totop"><a href="#summary">back to summary</a></p><h2>Run on Firefox8</h2><h3 id="m6">martin_villarruel_mod0_ej2_tests.Tests#negativeSearchResults2</h3><table class="result"></table><p class="totop"><a href="#summary">back to summary</a></p><h2>Run on Firefox7</h2><h3 id="m7">martin_villarruel_mod0_ej2_tests.Tests#logedInFlightSearch</h3><table class="result"></table><p class="totop"><a href="#summary">back to summary</a></p><h2>Run on Firefox9</h2><h3 id="m8">martin_villarruel_mod0_ej2_tests.Tests#after</h3><table class="result"><tr><th>Exception</th></tr><tr><td><div class="stacktrace">org.openqa.selenium.NoSuchWindowException: Unable to get browser (WARNING: The server did not provide any stacktrace information)
Command duration or timeout: 20 milliseconds
Build info: version: &apos;2.44.0&apos;, revision: &apos;76d78cf&apos;, time: &apos;2014-10-23 20:02:37&apos;
System info: host: &apos;GLB5737&apos;, ip: &apos;10.150.10.194&apos;, os.name: &apos;Windows 7&apos;, os.arch: &apos;amd64&apos;, os.version: &apos;6.1&apos;, java.version: &apos;1.8.0_40&apos;
Driver info: org.openqa.selenium.ie.InternetExplorerDriver
Capabilities [{browserAttachTimeout=0, enablePersistentHover=true, ie.forceCreateProcessApi=false, ie.usePerProcessProxy=false, ignoreZoomSetting=false, handlesAlerts=true, version=9, platform=WINDOWS, nativeEvents=true, ie.ensureCleanSession=false, elementScrollBehavior=0, ie.browserCommandLineSwitches=, requireWindowFocus=false, browserName=internet explorer, initialBrowserUrl=http://localhost:4003/, takesScreenshot=true, javascriptEnabled=true, ignoreProtectedModeSettings=true, enableElementCacheCleanup=true, cssSelectorsEnabled=true, unexpectedAlertBehaviour=dismiss}]
Session ID: 78844bdd-fbe0-4c17-bb99-ec0005575ba9
Command duration or timeout: 464 milliseconds
Build info: version: &apos;2.44.0&apos;, revision: &apos;76d78cf323ce037c5f92db6c1bba601c2ac43ad8&apos;, time: &apos;2014-10-23 13:11:40&apos;
System info: host: &apos;GLB5737&apos;, ip: &apos;10.150.10.194&apos;, os.name: &apos;Windows 7&apos;, os.arch: &apos;x86&apos;, os.version: &apos;6.1&apos;, java.version: &apos;1.7.0_75&apos;
Session ID: 49cfe2c7-1cdb-4566-8323-6eb05a6e735a
Driver info: org.openqa.selenium.remote.RemoteWebDriver
Capabilities [{platform=WINDOWS, javascriptEnabled=true, elementScrollBehavior=0, enablePersistentHover=true, ignoreZoomSetting=false, ie.ensureCleanSession=false, enableElementCacheCleanup=true, browserName=internet explorer, unexpectedAlertBehaviour=dismiss, webdriver.remote.sessionid=49cfe2c7-1cdb-4566-8323-6eb05a6e735a, version=9, ie.usePerProcessProxy=false, cssSelectorsEnabled=true, ignoreProtectedModeSettings=true, requireWindowFocus=false, initialBrowserUrl=http://localhost:4003/, handlesAlerts=true, ie.forceCreateProcessApi=false, nativeEvents=true, browserAttachTimeout=0, ie.browserCommandLineSwitches=, takesScreenshot=true}]
	at org.openqa.selenium.remote.ErrorHandler.createThrowable(ErrorHandler.java:204)
	at org.openqa.selenium.remote.ErrorHandler.throwIfResponseFailed(ErrorHandler.java:156)
	at org.openqa.selenium.remote.RemoteWebDriver.execute(RemoteWebDriver.java:599)
	at org.openqa.selenium.remote.RemoteWebDriver.execute(RemoteWebDriver.java:614)
	at org.openqa.selenium.remote.RemoteWebDriver.close(RemoteWebDriver.java:463)
	at martin_villarruel_mod0_ej2_tests.Tests.after(Tests.java:73)
	at java.util.concurrent.FutureTask.run(Unknown Source)
	at java.util.concurrent.ThreadPoolExecutor.runWorker(Unknown Source)
	at java.util.concurrent.ThreadPoolExecutor$Worker.run(Unknown Source)
	at java.lang.Thread.run(Unknown Source)
Caused by: org.openqa.selenium.remote.ScreenshotException: Screen shot has been taken
Build info: version: &apos;2.44.0&apos;, revision: &apos;76d78cf323ce037c5f92db6c1bba601c2ac43ad8&apos;, time: &apos;2014-10-23 13:11:40&apos;
System info: host: &apos;GLB5737&apos;, ip: &apos;10.150.10.194&apos;, os.name: &apos;Windows 7&apos;, os.arch: &apos;x86&apos;, os.version: &apos;6.1&apos;, java.version: &apos;1.7.0_75&apos;
Driver info: driver.version: RemoteWebDriver
	at org.openqa.selenium.remote.ErrorHandler.throwIfResponseFailed(ErrorHandler.java:136)
	... 26 more
Caused by: org.openqa.selenium.NoSuchWindowException: Unable to get browser (WARNING: The server did not provide any stacktrace information)
Command duration or timeout: 20 milliseconds
Build info: version: &apos;2.44.0&apos;, revision: &apos;76d78cf&apos;, time: &apos;2014-10-23 20:02:37&apos;
System info: host: &apos;GLB5737&apos;, ip: &apos;10.150.10.194&apos;, os.name: &apos;Windows 7&apos;, os.arch: &apos;amd64&apos;, os.version: &apos;6.1&apos;, java.version: &apos;1.8.0_40&apos;
Driver info: org.openqa.selenium.ie.InternetExplorerDriver
Capabilities [{browserAttachTimeout=0, enablePersistentHover=true, ie.forceCreateProcessApi=false, ie.usePerProcessProxy=false, ignoreZoomSetting=false, handlesAlerts=true, version=9, platform=WINDOWS, nativeEvents=true, ie.ensureCleanSession=false, elementScrollBehavior=0, ie.browserCommandLineSwitches=, requireWindowFocus=false, browserName=internet explorer, initialBrowserUrl=http://localhost:4003/, takesScreenshot=true, javascriptEnabled=true, ignoreProtectedModeSettings=true, enableElementCacheCleanup=true, cssSelectorsEnabled=true, unexpectedAlertBehaviour=dismiss}]
Session ID: 78844bdd-fbe0-4c17-bb99-ec0005575ba9
Build info: version: &apos;2.44.0&apos;, revision: &apos;76d78cf323ce037c5f92db6c1bba601c2ac43ad8&apos;, time: &apos;2014-10-23 13:11:40&apos;
System info: host: &apos;GLB5737&apos;, ip: &apos;10.150.10.194&apos;, os.name: &apos;Windows 7&apos;, os.arch: &apos;x86&apos;, os.version: &apos;6.1&apos;, java.version: &apos;1.7.0_75&apos;
Driver info: driver.version: EventFiringWebDriver
	at org.openqa.selenium.remote.ErrorHandler.createThrowable(ErrorHandler.java:204)
	at org.openqa.selenium.remote.ErrorHandler.throwIfResponseFailed(ErrorHandler.java:156)
	at org.openqa.selenium.remote.RemoteWebDriver.execute(RemoteWebDriver.java:599)
	at org.openqa.selenium.remote.RemoteWebDriver.execute(RemoteWebDriver.java:614)
	at org.openqa.selenium.remote.RemoteWebDriver.close(RemoteWebDriver.java:463)
	at org.openqa.selenium.support.events.EventFiringWebDriver$2.invoke(EventFiringWebDriver.java:101)
	at com.sun.proxy.$Proxy4.close(Unknown Source)
	at org.openqa.selenium.support.events.EventFiringWebDriver.close(EventFiringWebDriver.java:194)
	at org.openqa.selenium.remote.server.handler.CloseWindow.call(CloseWindow.java:32)
	at org.openqa.selenium.remote.server.handler.CloseWindow.call(CloseWindow.java:1)
	at java.util.concurrent.FutureTask.run(Unknown Source)
	at org.openqa.selenium.remote.server.DefaultSession$1.run(DefaultSession.java:168)
	... 3 more
... Removed 30 stack frames</div></td></tr></table><p class="totop"><a href="#summary">back to summary</a></p><h3 id="m9">martin_villarruel_mod0_ej2_tests.Tests#searchForFlyAndHotel</h3><table class="result"><tr><th>Exception</th></tr><tr><td><div class="stacktrace">org.openqa.selenium.InvalidSelectorException: The xpath expression &apos;//a[contains(@href, &apos;rating=4&apos;)]&apos; cannot be evaluated or does notresult in a WebElement (WARNING: The server did not provide any stacktrace information)
Command duration or timeout: 5.72 seconds
For documentation on this error, please visit: http://seleniumhq.org/exceptions/invalid_selector_exception.html
Build info: version: &apos;2.44.0&apos;, revision: &apos;76d78cf&apos;, time: &apos;2014-10-23 20:02:37&apos;
System info: host: &apos;GLB5737&apos;, ip: &apos;10.150.10.194&apos;, os.name: &apos;Windows 7&apos;, os.arch: &apos;amd64&apos;, os.version: &apos;6.1&apos;, java.version: &apos;1.8.0_40&apos;
Driver info: org.openqa.selenium.ie.InternetExplorerDriver
Capabilities [{browserAttachTimeout=0, enablePersistentHover=true, ie.forceCreateProcessApi=false, ie.usePerProcessProxy=false, ignoreZoomSetting=false, handlesAlerts=true, version=9, platform=WINDOWS, nativeEvents=true, ie.ensureCleanSession=false, elementScrollBehavior=0, ie.browserCommandLineSwitches=, requireWindowFocus=false, browserName=internet explorer, initialBrowserUrl=http://localhost:4003/, takesScreenshot=true, javascriptEnabled=true, ignoreProtectedModeSettings=true, enableElementCacheCleanup=true, cssSelectorsEnabled=true, unexpectedAlertBehaviour=dismiss}]
Session ID: 78844bdd-fbe0-4c17-bb99-ec0005575ba9
Command duration or timeout: 7.90 seconds
For documentation on this error, please visit: http://seleniumhq.org/exceptions/invalid_selector_exception.html
Build info: version: &apos;2.44.0&apos;, revision: &apos;76d78cf323ce037c5f92db6c1bba601c2ac43ad8&apos;, time: &apos;2014-10-23 13:11:40&apos;
System info: host: &apos;GLB5737&apos;, ip: &apos;10.150.10.194&apos;, os.name: &apos;Windows 7&apos;, os.arch: &apos;x86&apos;, os.version: &apos;6.1&apos;, java.version: &apos;1.7.0_75&apos;
Session ID: 49cfe2c7-1cdb-4566-8323-6eb05a6e735a
Driver info: org.openqa.selenium.remote.RemoteWebDriver
Capabilities [{platform=WINDOWS, javascriptEnabled=true, elementScrollBehavior=0, enablePersistentHover=true, ignoreZoomSetting=false, ie.ensureCleanSession=false, enableElementCacheCleanup=true, browserName=internet explorer, unexpectedAlertBehaviour=dismiss, webdriver.remote.sessionid=49cfe2c7-1cdb-4566-8323-6eb05a6e735a, version=9, ie.usePerProcessProxy=false, cssSelectorsEnabled=true, ignoreProtectedModeSettings=true, requireWindowFocus=false, initialBrowserUrl=http://localhost:4003/, handlesAlerts=true, ie.forceCreateProcessApi=false, nativeEvents=true, browserAttachTimeout=0, ie.browserCommandLineSwitches=, takesScreenshot=true}]
	at org.openqa.selenium.remote.ErrorHandler.createThrowable(ErrorHandler.java:204)
	at org.openqa.selenium.remote.ErrorHandler.throwIfResponseFailed(ErrorHandler.java:156)
	at org.openqa.selenium.remote.RemoteWebDriver.execute(RemoteWebDriver.java:599)
	at org.openqa.selenium.remote.RemoteWebDriver.findElement(RemoteWebDriver.java:352)
	at org.openqa.selenium.remote.RemoteWebDriver.findElementByXPath(RemoteWebDriver.java:449)
	at org.openqa.selenium.By$ByXPath.findElement(By.java:357)
	at org.openqa.selenium.remote.RemoteWebDriver.findElement(RemoteWebDriver.java:344)
	at org.openqa.selenium.support.pagefactory.DefaultElementLocator.findElement(DefaultElementLocator.java:59)
	at org.openqa.selenium.support.pagefactory.internal.LocatingElementHandler.invoke(LocatingElementHandler.java:37)
	at com.sun.proxy.$Proxy7.click(Unknown Source)
	at martin_villarruel_mod0_ej2_pages.FlightAndHotelResultPage.orderByFourStars(FlightAndHotelResultPage.java:47)
	at martin_villarruel_mod0_ej2_tests.Tests.searchForFlyAndHotel(Tests.java:241)
	at java.util.concurrent.FutureTask.run(Unknown Source)
	at java.util.concurrent.ThreadPoolExecutor.runWorker(Unknown Source)
	at java.util.concurrent.ThreadPoolExecutor$Worker.run(Unknown Source)
	at java.lang.Thread.run(Unknown Source)
Caused by: org.openqa.selenium.remote.ScreenshotException: Screen shot has been taken
Build info: version: &apos;2.44.0&apos;, revision: &apos;76d78cf323ce037c5f92db6c1bba601c2ac43ad8&apos;, time: &apos;2014-10-23 13:11:40&apos;
System info: host: &apos;GLB5737&apos;, ip: &apos;10.150.10.194&apos;, os.name: &apos;Windows 7&apos;, os.arch: &apos;x86&apos;, os.version: &apos;6.1&apos;, java.version: &apos;1.7.0_75&apos;
Driver info: driver.version: RemoteWebDriver
	at org.openqa.selenium.remote.ErrorHandler.throwIfResponseFailed(ErrorHandler.java:136)
	... 30 more
Caused by: org.openqa.selenium.InvalidSelectorException: The xpath expression &apos;//a[contains(@href, &apos;rating=4&apos;)]&apos; cannot be evaluated or does notresult in a WebElement (WARNING: The server did not provide any stacktrace information)
Command duration or timeout: 5.72 seconds
For documentation on this error, please visit: http://seleniumhq.org/exceptions/invalid_selector_exception.html
Build info: version: &apos;2.44.0&apos;, revision: &apos;76d78cf&apos;, time: &apos;2014-10-23 20:02:37&apos;
System info: host: &apos;GLB5737&apos;, ip: &apos;10.150.10.194&apos;, os.name: &apos;Windows 7&apos;, os.arch: &apos;amd64&apos;, os.version: &apos;6.1&apos;, java.version: &apos;1.8.0_40&apos;
Driver info: org.openqa.selenium.ie.InternetExplorerDriver
Capabilities [{browserAttachTimeout=0, enablePersistentHover=true, ie.forceCreateProcessApi=false, ie.usePerProcessProxy=false, ignoreZoomSetting=false, handlesAlerts=true, version=9, platform=WINDOWS, nativeEvents=true, ie.ensureCleanSession=false, elementScrollBehavior=0, ie.browserCommandLineSwitches=, requireWindowFocus=false, browserName=internet explorer, initialBrowserUrl=http://localhost:4003/, takesScreenshot=true, javascriptEnabled=true, ignoreProtectedModeSettings=true, enableElementCacheCleanup=true, cssSelectorsEnabled=true, unexpectedAlertBehaviour=dismiss}]
Session ID: 78844bdd-fbe0-4c17-bb99-ec0005575ba9
For documentation on this error, please visit: http://seleniumhq.org/exceptions/invalid_selector_exception.html
Build info: version: &apos;2.44.0&apos;, revision: &apos;76d78cf323ce037c5f92db6c1bba601c2ac43ad8&apos;, time: &apos;2014-10-23 13:11:40&apos;
System info: host: &apos;GLB5737&apos;, ip: &apos;10.150.10.194&apos;, os.name: &apos;Windows 7&apos;, os.arch: &apos;x86&apos;, os.version: &apos;6.1&apos;, java.version: &apos;1.7.0_75&apos;
Driver info: driver.version: EventFiringWebDriver
	at org.openqa.selenium.remote.ErrorHandler.createThrowable(ErrorHandler.java:204)
	at org.openqa.selenium.remote.ErrorHandler.throwIfResponseFailed(ErrorHandler.java:156)
	at org.openqa.selenium.remote.RemoteWebDriver.execute(RemoteWebDriver.java:599)
	at org.openqa.selenium.remote.RemoteWebDriver.findElement(RemoteWebDriver.java:352)
	at org.openqa.selenium.remote.RemoteWebDriver.findElementByXPath(RemoteWebDriver.java:449)
	at org.openqa.selenium.By$ByXPath.findElement(By.java:357)
	at org.openqa.selenium.remote.RemoteWebDriver.findElement(RemoteWebDriver.java:344)
	at org.openqa.selenium.support.events.EventFiringWebDriver$2.invoke(EventFiringWebDriver.java:101)
	at com.sun.proxy.$Proxy4.findElement(Unknown Source)
	at org.openqa.selenium.support.events.EventFiringWebDriver.findElement(EventFiringWebDriver.java:184)
	at org.openqa.selenium.remote.server.handler.FindElement.call(FindElement.java:47)
	at org.openqa.selenium.remote.server.handler.FindElement.call(FindElement.java:1)
	at java.util.concurrent.FutureTask.run(Unknown Source)
	at org.openqa.selenium.remote.server.DefaultSession$1.run(DefaultSession.java:168)
	... 3 more
... Removed 27 stack frames</div></td></tr></table><p class="totop"><a href="#summary">back to summary</a></p><h2>Run on Firefox4</h2><h3 id="m10">martin_villarruel_mod0_ej2_tests.Tests#searchForFly</h3><table class="result"></table><p class="totop"><a href="#summary">back to summary</a></p></body></html>